nohup: ignoring input

  .   ____          _            __ _ _
 /\\ / ___'_ __ _ _(_)_ __  __ _ \ \ \ \
( ( )\___ | '_ | '_| | '_ \/ _` | \ \ \ \
 \\/  ___)| |_)| | | | | || (_| |  ) ) ) )
  '  |____| .__|_| |_|_| |_\__, | / / / /
 =========|_|==============|___/=/_/_/_/

 :: Spring Boot ::                (v3.5.6)

2025-11-19T17:16:17.034-03:00  INFO 36603 --- [trabalho-2-devweb] [           main] c.j.t.Trabalho2DevwebApplication         : Starting Trabalho2DevwebApplication v0.0.1-SNAPSHOT using Java 17.0.16 with PID 36603 (/home/joao/Desktop/devweb/trabalho-4-devweb/backend/target/trabalho-2-devweb-0.0.1-SNAPSHOT.jar started by joao in /home/joao/Desktop/devweb/trabalho-4-devweb/backend)
2025-11-19T17:16:17.039-03:00  INFO 36603 --- [trabalho-2-devweb] [           main] c.j.t.Trabalho2DevwebApplication         : No active profile set, falling back to 1 default profile: "default"
2025-11-19T17:16:18.214-03:00  INFO 36603 --- [trabalho-2-devweb] [           main] .s.d.r.c.RepositoryConfigurationDelegate : Bootstrapping Spring Data JPA repositories in DEFAULT mode.
2025-11-19T17:16:18.316-03:00  INFO 36603 --- [trabalho-2-devweb] [           main] .s.d.r.c.RepositoryConfigurationDelegate : Finished Spring Data repository scanning in 88 ms. Found 5 JPA repository interfaces.
2025-11-19T17:16:19.109-03:00  INFO 36603 --- [trabalho-2-devweb] [           main] o.s.b.w.embedded.tomcat.TomcatWebServer  : Tomcat initialized with port 8081 (http)
2025-11-19T17:16:19.125-03:00  INFO 36603 --- [trabalho-2-devweb] [           main] o.apache.catalina.core.StandardService   : Starting service [Tomcat]
2025-11-19T17:16:19.126-03:00  INFO 36603 --- [trabalho-2-devweb] [           main] o.apache.catalina.core.StandardEngine    : Starting Servlet engine: [Apache Tomcat/10.1.46]
2025-11-19T17:16:19.165-03:00  INFO 36603 --- [trabalho-2-devweb] [           main] o.a.c.c.C.[Tomcat].[localhost].[/]       : Initializing Spring embedded WebApplicationContext
2025-11-19T17:16:19.167-03:00  INFO 36603 --- [trabalho-2-devweb] [           main] w.s.c.ServletWebServerApplicationContext : Root WebApplicationContext: initialization completed in 2048 ms
2025-11-19T17:16:19.496-03:00  INFO 36603 --- [trabalho-2-devweb] [           main] o.hibernate.jpa.internal.util.LogHelper  : HHH000204: Processing PersistenceUnitInfo [name: default]
2025-11-19T17:16:19.573-03:00  INFO 36603 --- [trabalho-2-devweb] [           main] org.hibernate.Version                    : HHH000412: Hibernate ORM core version 6.6.29.Final
2025-11-19T17:16:19.619-03:00  INFO 36603 --- [trabalho-2-devweb] [           main] o.h.c.internal.RegionFactoryInitiator    : HHH000026: Second-level cache disabled
2025-11-19T17:16:20.011-03:00  INFO 36603 --- [trabalho-2-devweb] [           main] o.s.o.j.p.SpringPersistenceUnitInfo      : No LoadTimeWeaver setup: ignoring JPA class transformer
2025-11-19T17:16:20.072-03:00  INFO 36603 --- [trabalho-2-devweb] [           main] com.zaxxer.hikari.HikariDataSource       : HikariPool-1 - Starting...
2025-11-19T17:16:20.581-03:00  INFO 36603 --- [trabalho-2-devweb] [           main] com.zaxxer.hikari.pool.HikariPool        : HikariPool-1 - Added connection com.mysql.cj.jdbc.ConnectionImpl@5f3f3d00
2025-11-19T17:16:20.583-03:00  INFO 36603 --- [trabalho-2-devweb] [           main] com.zaxxer.hikari.HikariDataSource       : HikariPool-1 - Start completed.
2025-11-19T17:16:20.650-03:00  WARN 36603 --- [trabalho-2-devweb] [           main] org.hibernate.orm.deprecation            : HHH90000025: MySQL8Dialect does not need to be specified explicitly using 'hibernate.dialect' (remove the property setting and it will be selected by default)
2025-11-19T17:16:20.652-03:00  WARN 36603 --- [trabalho-2-devweb] [           main] org.hibernate.orm.deprecation            : HHH90000026: MySQL8Dialect has been deprecated; use org.hibernate.dialect.MySQLDialect instead
2025-11-19T17:16:20.687-03:00  INFO 36603 --- [trabalho-2-devweb] [           main] org.hibernate.orm.connections.pooling    : HHH10001005: Database info:
	Database JDBC URL [Connecting through datasource 'HikariDataSource (HikariPool-1)']
	Database driver: undefined/unknown
	Database version: 8.0
	Autocommit mode: undefined/unknown
	Isolation level: undefined/unknown
	Minimum pool size: undefined/unknown
	Maximum pool size: undefined/unknown
2025-11-19T17:16:22.221-03:00  INFO 36603 --- [trabalho-2-devweb] [           main] o.h.e.t.j.p.i.JtaPlatformInitiator       : HHH000489: No JTA platform available (set 'hibernate.transaction.jta.platform' to enable JTA platform integration)
2025-11-19T17:16:22.372-03:00  INFO 36603 --- [trabalho-2-devweb] [           main] j.LocalContainerEntityManagerFactoryBean : Initialized JPA EntityManagerFactory for persistence unit 'default'
2025-11-19T17:16:22.990-03:00  WARN 36603 --- [trabalho-2-devweb] [           main] JpaBaseConfiguration$JpaWebConfiguration : spring.jpa.open-in-view is enabled by default. Therefore, database queries may be performed during view rendering. Explicitly configure spring.jpa.open-in-view to disable this warning
2025-11-19T17:16:23.627-03:00  INFO 36603 --- [trabalho-2-devweb] [           main] o.s.b.w.embedded.tomcat.TomcatWebServer  : Tomcat started on port 8081 (http) with context path '/'
2025-11-19T17:16:23.653-03:00  INFO 36603 --- [trabalho-2-devweb] [           main] c.j.t.Trabalho2DevwebApplication         : Started Trabalho2DevwebApplication in 7.274 seconds (process running for 7.807)
2025-11-19T17:17:04.116-03:00  INFO 36603 --- [trabalho-2-devweb] [nio-8081-exec-1] o.a.c.c.C.[Tomcat].[localhost].[/]       : Initializing Spring DispatcherServlet 'dispatcherServlet'
2025-11-19T17:17:04.117-03:00  INFO 36603 --- [trabalho-2-devweb] [nio-8081-exec-1] o.s.web.servlet.DispatcherServlet        : Initializing Servlet 'dispatcherServlet'
2025-11-19T17:17:04.119-03:00  INFO 36603 --- [trabalho-2-devweb] [nio-8081-exec-1] o.s.web.servlet.DispatcherServlet        : Completed initialization in 2 ms
Hibernate: 
    select
        a1_0.id,
        a1_0.cpf,
        a1_0.email,
        a1_0.nome 
    from
        aluno a1_0 
    where
        a1_0.id=?
Hibernate: 
    select
        i1_0.aluno_id,
        i1_0.id,
        i1_0.data_hora,
        i1_0.turma_id,
        t1_0.id,
        t1_0.ano,
        t1_0.disciplina_id,
        d1_0.id,
        d1_0.carga_horaria,
        d1_0.codigo,
        d1_0.nome,
        t1_0.nome,
        t1_0.periodo,
        t1_0.professor_id,
        p1_0.id,
        p1_0.email,
        p1_0.nome 
    from
        inscricao i1_0 
    left join
        turma t1_0 
            on t1_0.id=i1_0.turma_id 
    left join
        disciplina d1_0 
            on d1_0.id=t1_0.disciplina_id 
    left join
        professor p1_0 
            on p1_0.id=t1_0.professor_id 
    where
        i1_0.aluno_id=?
Hibernate: 
    /* insert for
        com.jpbarreiro.trabalho2devweb.model.Aluno */insert 
    into
        aluno (cpf, email, nome) 
    values
        (?, ?, ?)
Hibernate: 
    /* <criteria> */ select
        d1_0.id,
        d1_0.carga_horaria,
        d1_0.codigo,
        d1_0.nome 
    from
        disciplina d1_0
Hibernate: 
    /* <criteria> */ select
        a1_0.id,
        a1_0.cpf,
        a1_0.email,
        a1_0.nome 
    from
        aluno a1_0
Hibernate: 
    /* <criteria> */ select
        i1_0.id,
        i1_0.aluno_id,
        i1_0.data_hora,
        i1_0.turma_id 
    from
        inscricao i1_0 
    left join
        turma t1_0 
            on t1_0.id=i1_0.turma_id 
    where
        t1_0.id=?
Hibernate: 
    /* <criteria> */ select
        t1_0.id,
        t1_0.ano,
        t1_0.disciplina_id,
        t1_0.nome,
        t1_0.periodo,
        t1_0.professor_id 
    from
        turma t1_0 
    left join
        disciplina d1_0 
            on d1_0.id=t1_0.disciplina_id 
    where
        d1_0.id=?
Hibernate: 
    /* select
        count(*) 
    from
        Turma x 
    WHERE
        x.id = :id */ select
            count(*) 
        from
            turma t1_0 
        where
            t1_0.id=?
Hibernate: 
    select
        a1_0.id,
        a1_0.cpf,
        a1_0.email,
        a1_0.nome 
    from
        aluno a1_0 
    where
        a1_0.id=?
Hibernate: 
    select
        d1_0.id,
        d1_0.carga_horaria,
        d1_0.codigo,
        d1_0.nome 
    from
        disciplina d1_0 
    where
        d1_0.id=?
Hibernate: 
    /* <criteria> */ select
        i1_0.id,
        i1_0.aluno_id,
        i1_0.data_hora,
        i1_0.turma_id 
    from
        inscricao i1_0 
    left join
        turma t1_0 
            on t1_0.id=i1_0.turma_id 
    where
        t1_0.id=?
Hibernate: 
    select
        p1_0.id,
        p1_0.email,
        p1_0.nome 
    from
        professor p1_0 
    where
        p1_0.id=?
Hibernate: 
    select
        t1_0.id,
        t1_0.ano,
        t1_0.disciplina_id,
        d1_0.id,
        d1_0.carga_horaria,
        d1_0.codigo,
        d1_0.nome,
        t1_0.nome,
        t1_0.periodo,
        t1_0.professor_id,
        p1_0.id,
        p1_0.email,
        p1_0.nome 
    from
        turma t1_0 
    join
        disciplina d1_0 
            on d1_0.id=t1_0.disciplina_id 
    join
        professor p1_0 
            on p1_0.id=t1_0.professor_id 
    where
        t1_0.id=?
Hibernate: 
    select
        a1_0.id,
        a1_0.cpf,
        a1_0.email,
        a1_0.nome 
    from
        aluno a1_0 
    where
        a1_0.id=?
Hibernate: 
    select
        p1_0.id,
        p1_0.email,
        p1_0.nome 
    from
        professor p1_0 
    where
        p1_0.id=?
Hibernate: 
    select
        a1_0.id,
        a1_0.cpf,
        a1_0.email,
        a1_0.nome 
    from
        aluno a1_0 
    where
        a1_0.id=?
Hibernate: 
    select
        t1_0.id,
        t1_0.ano,
        t1_0.disciplina_id,
        d1_0.id,
        d1_0.carga_horaria,
        d1_0.codigo,
        d1_0.nome,
        t1_0.nome,
        t1_0.periodo,
        t1_0.professor_id,
        p1_0.id,
        p1_0.email,
        p1_0.nome 
    from
        turma t1_0 
    join
        disciplina d1_0 
            on d1_0.id=t1_0.disciplina_id 
    join
        professor p1_0 
            on p1_0.id=t1_0.professor_id 
    where
        t1_0.id=?
Hibernate: 
    select
        i1_0.aluno_id,
        i1_0.id,
        i1_0.data_hora,
        i1_0.turma_id,
        t1_0.id,
        t1_0.ano,
        t1_0.disciplina_id,
        d1_0.id,
        d1_0.carga_horaria,
        d1_0.codigo,
        d1_0.nome,
        t1_0.nome,
        t1_0.periodo,
        t1_0.professor_id,
        p1_0.id,
        p1_0.email,
        p1_0.nome 
    from
        inscricao i1_0 
    left join
        turma t1_0 
            on t1_0.id=i1_0.turma_id 
    left join
        disciplina d1_0 
            on d1_0.id=t1_0.disciplina_id 
    left join
        professor p1_0 
            on p1_0.id=t1_0.professor_id 
    where
        i1_0.aluno_id=?
Hibernate: 
    select
        a1_0.id,
        a1_0.cpf,
        a1_0.email,
        a1_0.nome 
    from
        aluno a1_0 
    where
        a1_0.id=?
Hibernate: 
    select
        a1_0.id,
        a1_0.cpf,
        a1_0.email,
        a1_0.nome 
    from
        aluno a1_0 
    where
        a1_0.id=?
Hibernate: 
    select
        a1_0.id,
        a1_0.cpf,
        a1_0.email,
        a1_0.nome 
    from
        aluno a1_0 
    where
        a1_0.id=?
Hibernate: 
    select
        a1_0.id,
        a1_0.cpf,
        a1_0.email,
        a1_0.nome 
    from
        aluno a1_0 
    where
        a1_0.id=?
Hibernate: 
    select
        a1_0.id,
        a1_0.cpf,
        a1_0.email,
        a1_0.nome 
    from
        aluno a1_0 
    where
        a1_0.id=?
Hibernate: 
    select
        a1_0.id,
        a1_0.cpf,
        a1_0.email,
        a1_0.nome 
    from
        aluno a1_0 
    where
        a1_0.id=?
Hibernate: 
    select
        a1_0.id,
        a1_0.cpf,
        a1_0.email,
        a1_0.nome 
    from
        aluno a1_0 
    where
        a1_0.id=?
Hibernate: 
    select
        a1_0.id,
        a1_0.cpf,
        a1_0.email,
        a1_0.nome 
    from
        aluno a1_0 
    where
        a1_0.id=?
Hibernate: 
    select
        a1_0.id,
        a1_0.cpf,
        a1_0.email,
        a1_0.nome 
    from
        aluno a1_0 
    where
        a1_0.id=?
Hibernate: 
    select
        a1_0.id,
        a1_0.cpf,
        a1_0.email,
        a1_0.nome 
    from
        aluno a1_0 
    where
        a1_0.id=?
Hibernate: 
    select
        a1_0.id,
        a1_0.cpf,
        a1_0.email,
        a1_0.nome 
    from
        aluno a1_0 
    where
        a1_0.id=?
Hibernate: 
    select
        a1_0.id,
        a1_0.cpf,
        a1_0.email,
        a1_0.nome 
    from
        aluno a1_0 
    where
        a1_0.id=?
Hibernate: 
    select
        a1_0.id,
        a1_0.cpf,
        a1_0.email,
        a1_0.nome 
    from
        aluno a1_0 
    where
        a1_0.id=?
Hibernate: 
    select
        a1_0.id,
        a1_0.cpf,
        a1_0.email,
        a1_0.nome 
    from
        aluno a1_0 
    where
        a1_0.id=?
Hibernate: 
    select
        a1_0.id,
        a1_0.cpf,
        a1_0.email,
        a1_0.nome 
    from
        aluno a1_0 
    where
        a1_0.id=?
Hibernate: 
    select
        a1_0.id,
        a1_0.cpf,
        a1_0.email,
        a1_0.nome 
    from
        aluno a1_0 
    where
        a1_0.id=?
Hibernate: 
    select
        a1_0.id,
        a1_0.cpf,
        a1_0.email,
        a1_0.nome 
    from
        aluno a1_0 
    where
        a1_0.id=?
Hibernate: 
    select
        a1_0.id,
        a1_0.cpf,
        a1_0.email,
        a1_0.nome 
    from
        aluno a1_0 
    where
        a1_0.id=?
Hibernate: 
    select
        a1_0.id,
        a1_0.cpf,
        a1_0.email,
        a1_0.nome 
    from
        aluno a1_0 
    where
        a1_0.id=?
Hibernate: 
    select
        a1_0.id,
        a1_0.cpf,
        a1_0.email,
        a1_0.nome 
    from
        aluno a1_0 
    where
        a1_0.id=?
Hibernate: 
    select
        a1_0.id,
        a1_0.cpf,
        a1_0.email,
        a1_0.nome 
    from
        aluno a1_0 
    where
        a1_0.id=?
Hibernate: 
    /* <criteria> */ select
        a1_0.id,
        a1_0.cpf,
        a1_0.email,
        a1_0.nome 
    from
        aluno a1_0
Hibernate: 
    select
        i1_0.aluno_id,
        i1_0.id,
        i1_0.data_hora,
        i1_0.turma_id,
        t1_0.id,
        t1_0.ano,
        t1_0.disciplina_id,
        d1_0.id,
        d1_0.carga_horaria,
        d1_0.codigo,
        d1_0.nome,
        t1_0.nome,
        t1_0.periodo,
        t1_0.professor_id,
        p1_0.id,
        p1_0.email,
        p1_0.nome 
    from
        inscricao i1_0 
    left join
        turma t1_0 
            on t1_0.id=i1_0.turma_id 
    left join
        disciplina d1_0 
            on d1_0.id=t1_0.disciplina_id 
    left join
        professor p1_0 
            on p1_0.id=t1_0.professor_id 
    where
        i1_0.aluno_id=?
Hibernate: 
    select
        i1_0.aluno_id,
        i1_0.id,
        i1_0.data_hora,
        i1_0.turma_id,
        t1_0.id,
        t1_0.ano,
        t1_0.disciplina_id,
        d1_0.id,
        d1_0.carga_horaria,
        d1_0.codigo,
        d1_0.nome,
        t1_0.nome,
        t1_0.periodo,
        t1_0.professor_id,
        p1_0.id,
        p1_0.email,
        p1_0.nome 
    from
        inscricao i1_0 
    left join
        turma t1_0 
            on t1_0.id=i1_0.turma_id 
    left join
        disciplina d1_0 
            on d1_0.id=t1_0.disciplina_id 
    left join
        professor p1_0 
            on p1_0.id=t1_0.professor_id 
    where
        i1_0.aluno_id=?
Hibernate: 
    select
        i1_0.aluno_id,
        i1_0.id,
        i1_0.data_hora,
        i1_0.turma_id,
        t1_0.id,
        t1_0.ano,
        t1_0.disciplina_id,
        d1_0.id,
        d1_0.carga_horaria,
        d1_0.codigo,
        d1_0.nome,
        t1_0.nome,
        t1_0.periodo,
        t1_0.professor_id,
        p1_0.id,
        p1_0.email,
        p1_0.nome 
    from
        inscricao i1_0 
    left join
        turma t1_0 
            on t1_0.id=i1_0.turma_id 
    left join
        disciplina d1_0 
            on d1_0.id=t1_0.disciplina_id 
    left join
        professor p1_0 
            on p1_0.id=t1_0.professor_id 
    where
        i1_0.aluno_id=?
Hibernate: 
    select
        i1_0.aluno_id,
        i1_0.id,
        i1_0.data_hora,
        i1_0.turma_id,
        t1_0.id,
        t1_0.ano,
        t1_0.disciplina_id,
        d1_0.id,
        d1_0.carga_horaria,
        d1_0.codigo,
        d1_0.nome,
        t1_0.nome,
        t1_0.periodo,
        t1_0.professor_id,
        p1_0.id,
        p1_0.email,
        p1_0.nome 
    from
        inscricao i1_0 
    left join
        turma t1_0 
            on t1_0.id=i1_0.turma_id 
    left join
        disciplina d1_0 
            on d1_0.id=t1_0.disciplina_id 
    left join
        professor p1_0 
            on p1_0.id=t1_0.professor_id 
    where
        i1_0.aluno_id=?
Hibernate: 
    select
        i1_0.aluno_id,
        i1_0.id,
        i1_0.data_hora,
        i1_0.turma_id,
        t1_0.id,
        t1_0.ano,
        t1_0.disciplina_id,
        d1_0.id,
        d1_0.carga_horaria,
        d1_0.codigo,
        d1_0.nome,
        t1_0.nome,
        t1_0.periodo,
        t1_0.professor_id,
        p1_0.id,
        p1_0.email,
        p1_0.nome 
    from
        inscricao i1_0 
    left join
        turma t1_0 
            on t1_0.id=i1_0.turma_id 
    left join
        disciplina d1_0 
            on d1_0.id=t1_0.disciplina_id 
    left join
        professor p1_0 
            on p1_0.id=t1_0.professor_id 
    where
        i1_0.aluno_id=?
Hibernate: 
    select
        i1_0.aluno_id,
        i1_0.id,
        i1_0.data_hora,
        i1_0.turma_id,
        t1_0.id,
        t1_0.ano,
        t1_0.disciplina_id,
        d1_0.id,
        d1_0.carga_horaria,
        d1_0.codigo,
        d1_0.nome,
        t1_0.nome,
        t1_0.periodo,
        t1_0.professor_id,
        p1_0.id,
        p1_0.email,
        p1_0.nome 
    from
        inscricao i1_0 
    left join
        turma t1_0 
            on t1_0.id=i1_0.turma_id 
    left join
        disciplina d1_0 
            on d1_0.id=t1_0.disciplina_id 
    left join
        professor p1_0 
            on p1_0.id=t1_0.professor_id 
    where
        i1_0.aluno_id=?
Hibernate: 
    select
        i1_0.aluno_id,
        i1_0.id,
        i1_0.data_hora,
        i1_0.turma_id,
        t1_0.id,
        t1_0.ano,
        t1_0.disciplina_id,
        d1_0.id,
        d1_0.carga_horaria,
        d1_0.codigo,
        d1_0.nome,
        t1_0.nome,
        t1_0.periodo,
        t1_0.professor_id,
        p1_0.id,
        p1_0.email,
        p1_0.nome 
    from
        inscricao i1_0 
    left join
        turma t1_0 
            on t1_0.id=i1_0.turma_id 
    left join
        disciplina d1_0 
            on d1_0.id=t1_0.disciplina_id 
    left join
        professor p1_0 
            on p1_0.id=t1_0.professor_id 
    where
        i1_0.aluno_id=?
Hibernate: 
    select
        i1_0.aluno_id,
        i1_0.id,
        i1_0.data_hora,
        i1_0.turma_id,
        t1_0.id,
        t1_0.ano,
        t1_0.disciplina_id,
        d1_0.id,
        d1_0.carga_horaria,
        d1_0.codigo,
        d1_0.nome,
        t1_0.nome,
        t1_0.periodo,
        t1_0.professor_id,
        p1_0.id,
        p1_0.email,
        p1_0.nome 
    from
        inscricao i1_0 
    left join
        turma t1_0 
            on t1_0.id=i1_0.turma_id 
    left join
        disciplina d1_0 
            on d1_0.id=t1_0.disciplina_id 
    left join
        professor p1_0 
            on p1_0.id=t1_0.professor_id 
    where
        i1_0.aluno_id=?
Hibernate: 
    select
        i1_0.aluno_id,
        i1_0.id,
        i1_0.data_hora,
        i1_0.turma_id,
        t1_0.id,
        t1_0.ano,
        t1_0.disciplina_id,
        d1_0.id,
        d1_0.carga_horaria,
        d1_0.codigo,
        d1_0.nome,
        t1_0.nome,
        t1_0.periodo,
        t1_0.professor_id,
        p1_0.id,
        p1_0.email,
        p1_0.nome 
    from
        inscricao i1_0 
    left join
        turma t1_0 
            on t1_0.id=i1_0.turma_id 
    left join
        disciplina d1_0 
            on d1_0.id=t1_0.disciplina_id 
    left join
        professor p1_0 
            on p1_0.id=t1_0.professor_id 
    where
        i1_0.aluno_id=?
Hibernate: 
    select
        i1_0.aluno_id,
        i1_0.id,
        i1_0.data_hora,
        i1_0.turma_id,
        t1_0.id,
        t1_0.ano,
        t1_0.disciplina_id,
        d1_0.id,
        d1_0.carga_horaria,
        d1_0.codigo,
        d1_0.nome,
        t1_0.nome,
        t1_0.periodo,
        t1_0.professor_id,
        p1_0.id,
        p1_0.email,
        p1_0.nome 
    from
        inscricao i1_0 
    left join
        turma t1_0 
            on t1_0.id=i1_0.turma_id 
    left join
        disciplina d1_0 
            on d1_0.id=t1_0.disciplina_id 
    left join
        professor p1_0 
            on p1_0.id=t1_0.professor_id 
    where
        i1_0.aluno_id=?
Hibernate: 
    select
        i1_0.aluno_id,
        i1_0.id,
        i1_0.data_hora,
        i1_0.turma_id,
        t1_0.id,
        t1_0.ano,
        t1_0.disciplina_id,
        d1_0.id,
        d1_0.carga_horaria,
        d1_0.codigo,
        d1_0.nome,
        t1_0.nome,
        t1_0.periodo,
        t1_0.professor_id,
        p1_0.id,
        p1_0.email,
        p1_0.nome 
    from
        inscricao i1_0 
    left join
        turma t1_0 
            on t1_0.id=i1_0.turma_id 
    left join
        disciplina d1_0 
            on d1_0.id=t1_0.disciplina_id 
    left join
        professor p1_0 
            on p1_0.id=t1_0.professor_id 
    where
        i1_0.aluno_id=?
Hibernate: 
    select
        i1_0.aluno_id,
        i1_0.id,
        i1_0.data_hora,
        i1_0.turma_id,
        t1_0.id,
        t1_0.ano,
        t1_0.disciplina_id,
        d1_0.id,
        d1_0.carga_horaria,
        d1_0.codigo,
        d1_0.nome,
        t1_0.nome,
        t1_0.periodo,
        t1_0.professor_id,
        p1_0.id,
        p1_0.email,
        p1_0.nome 
    from
        inscricao i1_0 
    left join
        turma t1_0 
            on t1_0.id=i1_0.turma_id 
    left join
        disciplina d1_0 
            on d1_0.id=t1_0.disciplina_id 
    left join
        professor p1_0 
            on p1_0.id=t1_0.professor_id 
    where
        i1_0.aluno_id=?
Hibernate: 
    select
        i1_0.aluno_id,
        i1_0.id,
        i1_0.data_hora,
        i1_0.turma_id,
        t1_0.id,
        t1_0.ano,
        t1_0.disciplina_id,
        d1_0.id,
        d1_0.carga_horaria,
        d1_0.codigo,
        d1_0.nome,
        t1_0.nome,
        t1_0.periodo,
        t1_0.professor_id,
        p1_0.id,
        p1_0.email,
        p1_0.nome 
    from
        inscricao i1_0 
    left join
        turma t1_0 
            on t1_0.id=i1_0.turma_id 
    left join
        disciplina d1_0 
            on d1_0.id=t1_0.disciplina_id 
    left join
        professor p1_0 
            on p1_0.id=t1_0.professor_id 
    where
        i1_0.aluno_id=?
Hibernate: 
    select
        i1_0.aluno_id,
        i1_0.id,
        i1_0.data_hora,
        i1_0.turma_id,
        t1_0.id,
        t1_0.ano,
        t1_0.disciplina_id,
        d1_0.id,
        d1_0.carga_horaria,
        d1_0.codigo,
        d1_0.nome,
        t1_0.nome,
        t1_0.periodo,
        t1_0.professor_id,
        p1_0.id,
        p1_0.email,
        p1_0.nome 
    from
        inscricao i1_0 
    left join
        turma t1_0 
            on t1_0.id=i1_0.turma_id 
    left join
        disciplina d1_0 
            on d1_0.id=t1_0.disciplina_id 
    left join
        professor p1_0 
            on p1_0.id=t1_0.professor_id 
    where
        i1_0.aluno_id=?
Hibernate: 
    select
        i1_0.aluno_id,
        i1_0.id,
        i1_0.data_hora,
        i1_0.turma_id,
        t1_0.id,
        t1_0.ano,
        t1_0.disciplina_id,
        d1_0.id,
        d1_0.carga_horaria,
        d1_0.codigo,
        d1_0.nome,
        t1_0.nome,
        t1_0.periodo,
        t1_0.professor_id,
        p1_0.id,
        p1_0.email,
        p1_0.nome 
    from
        inscricao i1_0 
    left join
        turma t1_0 
            on t1_0.id=i1_0.turma_id 
    left join
        disciplina d1_0 
            on d1_0.id=t1_0.disciplina_id 
    left join
        professor p1_0 
            on p1_0.id=t1_0.professor_id 
    where
        i1_0.aluno_id=?
Hibernate: 
    select
        i1_0.aluno_id,
        i1_0.id,
        i1_0.data_hora,
        i1_0.turma_id,
        t1_0.id,
        t1_0.ano,
        t1_0.disciplina_id,
        d1_0.id,
        d1_0.carga_horaria,
        d1_0.codigo,
        d1_0.nome,
        t1_0.nome,
        t1_0.periodo,
        t1_0.professor_id,
        p1_0.id,
        p1_0.email,
        p1_0.nome 
    from
        inscricao i1_0 
    left join
        turma t1_0 
            on t1_0.id=i1_0.turma_id 
    left join
        disciplina d1_0 
            on d1_0.id=t1_0.disciplina_id 
    left join
        professor p1_0 
            on p1_0.id=t1_0.professor_id 
    where
        i1_0.aluno_id=?
Hibernate: 
    select
        i1_0.aluno_id,
        i1_0.id,
        i1_0.data_hora,
        i1_0.turma_id,
        t1_0.id,
        t1_0.ano,
        t1_0.disciplina_id,
        d1_0.id,
        d1_0.carga_horaria,
        d1_0.codigo,
        d1_0.nome,
        t1_0.nome,
        t1_0.periodo,
        t1_0.professor_id,
        p1_0.id,
        p1_0.email,
        p1_0.nome 
    from
        inscricao i1_0 
    left join
        turma t1_0 
            on t1_0.id=i1_0.turma_id 
    left join
        disciplina d1_0 
            on d1_0.id=t1_0.disciplina_id 
    left join
        professor p1_0 
            on p1_0.id=t1_0.professor_id 
    where
        i1_0.aluno_id=?
Hibernate: 
    select
        i1_0.aluno_id,
        i1_0.id,
        i1_0.data_hora,
        i1_0.turma_id,
        t1_0.id,
        t1_0.ano,
        t1_0.disciplina_id,
        d1_0.id,
        d1_0.carga_horaria,
        d1_0.codigo,
        d1_0.nome,
        t1_0.nome,
        t1_0.periodo,
        t1_0.professor_id,
        p1_0.id,
        p1_0.email,
        p1_0.nome 
    from
        inscricao i1_0 
    left join
        turma t1_0 
            on t1_0.id=i1_0.turma_id 
    left join
        disciplina d1_0 
            on d1_0.id=t1_0.disciplina_id 
    left join
        professor p1_0 
            on p1_0.id=t1_0.professor_id 
    where
        i1_0.aluno_id=?
Hibernate: 
    select
        i1_0.aluno_id,
        i1_0.id,
        i1_0.data_hora,
        i1_0.turma_id,
        t1_0.id,
        t1_0.ano,
        t1_0.disciplina_id,
        d1_0.id,
        d1_0.carga_horaria,
        d1_0.codigo,
        d1_0.nome,
        t1_0.nome,
        t1_0.periodo,
        t1_0.professor_id,
        p1_0.id,
        p1_0.email,
        p1_0.nome 
    from
        inscricao i1_0 
    left join
        turma t1_0 
            on t1_0.id=i1_0.turma_id 
    left join
        disciplina d1_0 
            on d1_0.id=t1_0.disciplina_id 
    left join
        professor p1_0 
            on p1_0.id=t1_0.professor_id 
    where
        i1_0.aluno_id=?
Hibernate: 
    select
        i1_0.aluno_id,
        i1_0.id,
        i1_0.data_hora,
        i1_0.turma_id,
        t1_0.id,
        t1_0.ano,
        t1_0.disciplina_id,
        d1_0.id,
        d1_0.carga_horaria,
        d1_0.codigo,
        d1_0.nome,
        t1_0.nome,
        t1_0.periodo,
        t1_0.professor_id,
        p1_0.id,
        p1_0.email,
        p1_0.nome 
    from
        inscricao i1_0 
    left join
        turma t1_0 
            on t1_0.id=i1_0.turma_id 
    left join
        disciplina d1_0 
            on d1_0.id=t1_0.disciplina_id 
    left join
        professor p1_0 
            on p1_0.id=t1_0.professor_id 
    where
        i1_0.aluno_id=?
Hibernate: 
    select
        i1_0.aluno_id,
        i1_0.id,
        i1_0.data_hora,
        i1_0.turma_id,
        t1_0.id,
        t1_0.ano,
        t1_0.disciplina_id,
        d1_0.id,
        d1_0.carga_horaria,
        d1_0.codigo,
        d1_0.nome,
        t1_0.nome,
        t1_0.periodo,
        t1_0.professor_id,
        p1_0.id,
        p1_0.email,
        p1_0.nome 
    from
        inscricao i1_0 
    left join
        turma t1_0 
            on t1_0.id=i1_0.turma_id 
    left join
        disciplina d1_0 
            on d1_0.id=t1_0.disciplina_id 
    left join
        professor p1_0 
            on p1_0.id=t1_0.professor_id 
    where
        i1_0.aluno_id=?
Hibernate: 
    select
        i1_0.aluno_id,
        i1_0.id,
        i1_0.data_hora,
        i1_0.turma_id,
        t1_0.id,
        t1_0.ano,
        t1_0.disciplina_id,
        d1_0.id,
        d1_0.carga_horaria,
        d1_0.codigo,
        d1_0.nome,
        t1_0.nome,
        t1_0.periodo,
        t1_0.professor_id,
        p1_0.id,
        p1_0.email,
        p1_0.nome 
    from
        inscricao i1_0 
    left join
        turma t1_0 
            on t1_0.id=i1_0.turma_id 
    left join
        disciplina d1_0 
            on d1_0.id=t1_0.disciplina_id 
    left join
        professor p1_0 
            on p1_0.id=t1_0.professor_id 
    where
        i1_0.aluno_id=?
Hibernate: 
    select
        i1_0.aluno_id,
        i1_0.id,
        i1_0.data_hora,
        i1_0.turma_id,
        t1_0.id,
        t1_0.ano,
        t1_0.disciplina_id,
        d1_0.id,
        d1_0.carga_horaria,
        d1_0.codigo,
        d1_0.nome,
        t1_0.nome,
        t1_0.periodo,
        t1_0.professor_id,
        p1_0.id,
        p1_0.email,
        p1_0.nome 
    from
        inscricao i1_0 
    left join
        turma t1_0 
            on t1_0.id=i1_0.turma_id 
    left join
        disciplina d1_0 
            on d1_0.id=t1_0.disciplina_id 
    left join
        professor p1_0 
            on p1_0.id=t1_0.professor_id 
    where
        i1_0.aluno_id=?
Hibernate: 
    select
        i1_0.aluno_id,
        i1_0.id,
        i1_0.data_hora,
        i1_0.turma_id,
        t1_0.id,
        t1_0.ano,
        t1_0.disciplina_id,
        d1_0.id,
        d1_0.carga_horaria,
        d1_0.codigo,
        d1_0.nome,
        t1_0.nome,
        t1_0.periodo,
        t1_0.professor_id,
        p1_0.id,
        p1_0.email,
        p1_0.nome 
    from
        inscricao i1_0 
    left join
        turma t1_0 
            on t1_0.id=i1_0.turma_id 
    left join
        disciplina d1_0 
            on d1_0.id=t1_0.disciplina_id 
    left join
        professor p1_0 
            on p1_0.id=t1_0.professor_id 
    where
        i1_0.aluno_id=?
Hibernate: 
    select
        i1_0.aluno_id,
        i1_0.id,
        i1_0.data_hora,
        i1_0.turma_id,
        t1_0.id,
        t1_0.ano,
        t1_0.disciplina_id,
        d1_0.id,
        d1_0.carga_horaria,
        d1_0.codigo,
        d1_0.nome,
        t1_0.nome,
        t1_0.periodo,
        t1_0.professor_id,
        p1_0.id,
        p1_0.email,
        p1_0.nome 
    from
        inscricao i1_0 
    left join
        turma t1_0 
            on t1_0.id=i1_0.turma_id 
    left join
        disciplina d1_0 
            on d1_0.id=t1_0.disciplina_id 
    left join
        professor p1_0 
            on p1_0.id=t1_0.professor_id 
    where
        i1_0.aluno_id=?
Hibernate: 
    select
        i1_0.aluno_id,
        i1_0.id,
        i1_0.data_hora,
        i1_0.turma_id,
        t1_0.id,
        t1_0.ano,
        t1_0.disciplina_id,
        d1_0.id,
        d1_0.carga_horaria,
        d1_0.codigo,
        d1_0.nome,
        t1_0.nome,
        t1_0.periodo,
        t1_0.professor_id,
        p1_0.id,
        p1_0.email,
        p1_0.nome 
    from
        inscricao i1_0 
    left join
        turma t1_0 
            on t1_0.id=i1_0.turma_id 
    left join
        disciplina d1_0 
            on d1_0.id=t1_0.disciplina_id 
    left join
        professor p1_0 
            on p1_0.id=t1_0.professor_id 
    where
        i1_0.aluno_id=?
Hibernate: 
    select
        i1_0.aluno_id,
        i1_0.id,
        i1_0.data_hora,
        i1_0.turma_id,
        t1_0.id,
        t1_0.ano,
        t1_0.disciplina_id,
        d1_0.id,
        d1_0.carga_horaria,
        d1_0.codigo,
        d1_0.nome,
        t1_0.nome,
        t1_0.periodo,
        t1_0.professor_id,
        p1_0.id,
        p1_0.email,
        p1_0.nome 
    from
        inscricao i1_0 
    left join
        turma t1_0 
            on t1_0.id=i1_0.turma_id 
    left join
        disciplina d1_0 
            on d1_0.id=t1_0.disciplina_id 
    left join
        professor p1_0 
            on p1_0.id=t1_0.professor_id 
    where
        i1_0.aluno_id=?
Hibernate: 
    select
        i1_0.aluno_id,
        i1_0.id,
        i1_0.data_hora,
        i1_0.turma_id,
        t1_0.id,
        t1_0.ano,
        t1_0.disciplina_id,
        d1_0.id,
        d1_0.carga_horaria,
        d1_0.codigo,
        d1_0.nome,
        t1_0.nome,
        t1_0.periodo,
        t1_0.professor_id,
        p1_0.id,
        p1_0.email,
        p1_0.nome 
    from
        inscricao i1_0 
    left join
        turma t1_0 
            on t1_0.id=i1_0.turma_id 
    left join
        disciplina d1_0 
            on d1_0.id=t1_0.disciplina_id 
    left join
        professor p1_0 
            on p1_0.id=t1_0.professor_id 
    where
        i1_0.aluno_id=?
Hibernate: 
    select
        i1_0.aluno_id,
        i1_0.id,
        i1_0.data_hora,
        i1_0.turma_id,
        t1_0.id,
        t1_0.ano,
        t1_0.disciplina_id,
        d1_0.id,
        d1_0.carga_horaria,
        d1_0.codigo,
        d1_0.nome,
        t1_0.nome,
        t1_0.periodo,
        t1_0.professor_id,
        p1_0.id,
        p1_0.email,
        p1_0.nome 
    from
        inscricao i1_0 
    left join
        turma t1_0 
            on t1_0.id=i1_0.turma_id 
    left join
        disciplina d1_0 
            on d1_0.id=t1_0.disciplina_id 
    left join
        professor p1_0 
            on p1_0.id=t1_0.professor_id 
    where
        i1_0.aluno_id=?
Hibernate: 
    select
        i1_0.aluno_id,
        i1_0.id,
        i1_0.data_hora,
        i1_0.turma_id,
        t1_0.id,
        t1_0.ano,
        t1_0.disciplina_id,
        d1_0.id,
        d1_0.carga_horaria,
        d1_0.codigo,
        d1_0.nome,
        t1_0.nome,
        t1_0.periodo,
        t1_0.professor_id,
        p1_0.id,
        p1_0.email,
        p1_0.nome 
    from
        inscricao i1_0 
    left join
        turma t1_0 
            on t1_0.id=i1_0.turma_id 
    left join
        disciplina d1_0 
            on d1_0.id=t1_0.disciplina_id 
    left join
        professor p1_0 
            on p1_0.id=t1_0.professor_id 
    where
        i1_0.aluno_id=?
Hibernate: 
    select
        i1_0.aluno_id,
        i1_0.id,
        i1_0.data_hora,
        i1_0.turma_id,
        t1_0.id,
        t1_0.ano,
        t1_0.disciplina_id,
        d1_0.id,
        d1_0.carga_horaria,
        d1_0.codigo,
        d1_0.nome,
        t1_0.nome,
        t1_0.periodo,
        t1_0.professor_id,
        p1_0.id,
        p1_0.email,
        p1_0.nome 
    from
        inscricao i1_0 
    left join
        turma t1_0 
            on t1_0.id=i1_0.turma_id 
    left join
        disciplina d1_0 
            on d1_0.id=t1_0.disciplina_id 
    left join
        professor p1_0 
            on p1_0.id=t1_0.professor_id 
    where
        i1_0.aluno_id=?
Hibernate: 
    select
        i1_0.aluno_id,
        i1_0.id,
        i1_0.data_hora,
        i1_0.turma_id,
        t1_0.id,
        t1_0.ano,
        t1_0.disciplina_id,
        d1_0.id,
        d1_0.carga_horaria,
        d1_0.codigo,
        d1_0.nome,
        t1_0.nome,
        t1_0.periodo,
        t1_0.professor_id,
        p1_0.id,
        p1_0.email,
        p1_0.nome 
    from
        inscricao i1_0 
    left join
        turma t1_0 
            on t1_0.id=i1_0.turma_id 
    left join
        disciplina d1_0 
            on d1_0.id=t1_0.disciplina_id 
    left join
        professor p1_0 
            on p1_0.id=t1_0.professor_id 
    where
        i1_0.aluno_id=?
Hibernate: 
    select
        i1_0.aluno_id,
        i1_0.id,
        i1_0.data_hora,
        i1_0.turma_id,
        t1_0.id,
        t1_0.ano,
        t1_0.disciplina_id,
        d1_0.id,
        d1_0.carga_horaria,
        d1_0.codigo,
        d1_0.nome,
        t1_0.nome,
        t1_0.periodo,
        t1_0.professor_id,
        p1_0.id,
        p1_0.email,
        p1_0.nome 
    from
        inscricao i1_0 
    left join
        turma t1_0 
            on t1_0.id=i1_0.turma_id 
    left join
        disciplina d1_0 
            on d1_0.id=t1_0.disciplina_id 
    left join
        professor p1_0 
            on p1_0.id=t1_0.professor_id 
    where
        i1_0.aluno_id=?
Hibernate: 
    select
        i1_0.aluno_id,
        i1_0.id,
        i1_0.data_hora,
        i1_0.turma_id,
        t1_0.id,
        t1_0.ano,
        t1_0.disciplina_id,
        d1_0.id,
        d1_0.carga_horaria,
        d1_0.codigo,
        d1_0.nome,
        t1_0.nome,
        t1_0.periodo,
        t1_0.professor_id,
        p1_0.id,
        p1_0.email,
        p1_0.nome 
    from
        inscricao i1_0 
    left join
        turma t1_0 
            on t1_0.id=i1_0.turma_id 
    left join
        disciplina d1_0 
            on d1_0.id=t1_0.disciplina_id 
    left join
        professor p1_0 
            on p1_0.id=t1_0.professor_id 
    where
        i1_0.aluno_id=?
Hibernate: 
    select
        i1_0.aluno_id,
        i1_0.id,
        i1_0.data_hora,
        i1_0.turma_id,
        t1_0.id,
        t1_0.ano,
        t1_0.disciplina_id,
        d1_0.id,
        d1_0.carga_horaria,
        d1_0.codigo,
        d1_0.nome,
        t1_0.nome,
        t1_0.periodo,
        t1_0.professor_id,
        p1_0.id,
        p1_0.email,
        p1_0.nome 
    from
        inscricao i1_0 
    left join
        turma t1_0 
            on t1_0.id=i1_0.turma_id 
    left join
        disciplina d1_0 
            on d1_0.id=t1_0.disciplina_id 
    left join
        professor p1_0 
            on p1_0.id=t1_0.professor_id 
    where
        i1_0.aluno_id=?
Hibernate: 
    select
        i1_0.aluno_id,
        i1_0.id,
        i1_0.data_hora,
        i1_0.turma_id,
        t1_0.id,
        t1_0.ano,
        t1_0.disciplina_id,
        d1_0.id,
        d1_0.carga_horaria,
        d1_0.codigo,
        d1_0.nome,
        t1_0.nome,
        t1_0.periodo,
        t1_0.professor_id,
        p1_0.id,
        p1_0.email,
        p1_0.nome 
    from
        inscricao i1_0 
    left join
        turma t1_0 
            on t1_0.id=i1_0.turma_id 
    left join
        disciplina d1_0 
            on d1_0.id=t1_0.disciplina_id 
    left join
        professor p1_0 
            on p1_0.id=t1_0.professor_id 
    where
        i1_0.aluno_id=?
Hibernate: 
    select
        i1_0.aluno_id,
        i1_0.id,
        i1_0.data_hora,
        i1_0.turma_id,
        t1_0.id,
        t1_0.ano,
        t1_0.disciplina_id,
        d1_0.id,
        d1_0.carga_horaria,
        d1_0.codigo,
        d1_0.nome,
        t1_0.nome,
        t1_0.periodo,
        t1_0.professor_id,
        p1_0.id,
        p1_0.email,
        p1_0.nome 
    from
        inscricao i1_0 
    left join
        turma t1_0 
            on t1_0.id=i1_0.turma_id 
    left join
        disciplina d1_0 
            on d1_0.id=t1_0.disciplina_id 
    left join
        professor p1_0 
            on p1_0.id=t1_0.professor_id 
    where
        i1_0.aluno_id=?
Hibernate: 
    select
        i1_0.aluno_id,
        i1_0.id,
        i1_0.data_hora,
        i1_0.turma_id,
        t1_0.id,
        t1_0.ano,
        t1_0.disciplina_id,
        d1_0.id,
        d1_0.carga_horaria,
        d1_0.codigo,
        d1_0.nome,
        t1_0.nome,
        t1_0.periodo,
        t1_0.professor_id,
        p1_0.id,
        p1_0.email,
        p1_0.nome 
    from
        inscricao i1_0 
    left join
        turma t1_0 
            on t1_0.id=i1_0.turma_id 
    left join
        disciplina d1_0 
            on d1_0.id=t1_0.disciplina_id 
    left join
        professor p1_0 
            on p1_0.id=t1_0.professor_id 
    where
        i1_0.aluno_id=?
Hibernate: 
    select
        i1_0.aluno_id,
        i1_0.id,
        i1_0.data_hora,
        i1_0.turma_id,
        t1_0.id,
        t1_0.ano,
        t1_0.disciplina_id,
        d1_0.id,
        d1_0.carga_horaria,
        d1_0.codigo,
        d1_0.nome,
        t1_0.nome,
        t1_0.periodo,
        t1_0.professor_id,
        p1_0.id,
        p1_0.email,
        p1_0.nome 
    from
        inscricao i1_0 
    left join
        turma t1_0 
            on t1_0.id=i1_0.turma_id 
    left join
        disciplina d1_0 
            on d1_0.id=t1_0.disciplina_id 
    left join
        professor p1_0 
            on p1_0.id=t1_0.professor_id 
    where
        i1_0.aluno_id=?
Hibernate: 
    select
        i1_0.aluno_id,
        i1_0.id,
        i1_0.data_hora,
        i1_0.turma_id,
        t1_0.id,
        t1_0.ano,
        t1_0.disciplina_id,
        d1_0.id,
        d1_0.carga_horaria,
        d1_0.codigo,
        d1_0.nome,
        t1_0.nome,
        t1_0.periodo,
        t1_0.professor_id,
        p1_0.id,
        p1_0.email,
        p1_0.nome 
    from
        inscricao i1_0 
    left join
        turma t1_0 
            on t1_0.id=i1_0.turma_id 
    left join
        disciplina d1_0 
            on d1_0.id=t1_0.disciplina_id 
    left join
        professor p1_0 
            on p1_0.id=t1_0.professor_id 
    where
        i1_0.aluno_id=?
Hibernate: 
    select
        i1_0.aluno_id,
        i1_0.id,
        i1_0.data_hora,
        i1_0.turma_id,
        t1_0.id,
        t1_0.ano,
        t1_0.disciplina_id,
        d1_0.id,
        d1_0.carga_horaria,
        d1_0.codigo,
        d1_0.nome,
        t1_0.nome,
        t1_0.periodo,
        t1_0.professor_id,
        p1_0.id,
        p1_0.email,
        p1_0.nome 
    from
        inscricao i1_0 
    left join
        turma t1_0 
            on t1_0.id=i1_0.turma_id 
    left join
        disciplina d1_0 
            on d1_0.id=t1_0.disciplina_id 
    left join
        professor p1_0 
            on p1_0.id=t1_0.professor_id 
    where
        i1_0.aluno_id=?
Hibernate: 
    select
        i1_0.aluno_id,
        i1_0.id,
        i1_0.data_hora,
        i1_0.turma_id,
        t1_0.id,
        t1_0.ano,
        t1_0.disciplina_id,
        d1_0.id,
        d1_0.carga_horaria,
        d1_0.codigo,
        d1_0.nome,
        t1_0.nome,
        t1_0.periodo,
        t1_0.professor_id,
        p1_0.id,
        p1_0.email,
        p1_0.nome 
    from
        inscricao i1_0 
    left join
        turma t1_0 
            on t1_0.id=i1_0.turma_id 
    left join
        disciplina d1_0 
            on d1_0.id=t1_0.disciplina_id 
    left join
        professor p1_0 
            on p1_0.id=t1_0.professor_id 
    where
        i1_0.aluno_id=?
Hibernate: 
    select
        i1_0.aluno_id,
        i1_0.id,
        i1_0.data_hora,
        i1_0.turma_id,
        t1_0.id,
        t1_0.ano,
        t1_0.disciplina_id,
        d1_0.id,
        d1_0.carga_horaria,
        d1_0.codigo,
        d1_0.nome,
        t1_0.nome,
        t1_0.periodo,
        t1_0.professor_id,
        p1_0.id,
        p1_0.email,
        p1_0.nome 
    from
        inscricao i1_0 
    left join
        turma t1_0 
            on t1_0.id=i1_0.turma_id 
    left join
        disciplina d1_0 
            on d1_0.id=t1_0.disciplina_id 
    left join
        professor p1_0 
            on p1_0.id=t1_0.professor_id 
    where
        i1_0.aluno_id=?
Hibernate: 
    select
        i1_0.aluno_id,
        i1_0.id,
        i1_0.data_hora,
        i1_0.turma_id,
        t1_0.id,
        t1_0.ano,
        t1_0.disciplina_id,
        d1_0.id,
        d1_0.carga_horaria,
        d1_0.codigo,
        d1_0.nome,
        t1_0.nome,
        t1_0.periodo,
        t1_0.professor_id,
        p1_0.id,
        p1_0.email,
        p1_0.nome 
    from
        inscricao i1_0 
    left join
        turma t1_0 
            on t1_0.id=i1_0.turma_id 
    left join
        disciplina d1_0 
            on d1_0.id=t1_0.disciplina_id 
    left join
        professor p1_0 
            on p1_0.id=t1_0.professor_id 
    where
        i1_0.aluno_id=?
Hibernate: 
    select
        i1_0.aluno_id,
        i1_0.id,
        i1_0.data_hora,
        i1_0.turma_id,
        t1_0.id,
        t1_0.ano,
        t1_0.disciplina_id,
        d1_0.id,
        d1_0.carga_horaria,
        d1_0.codigo,
        d1_0.nome,
        t1_0.nome,
        t1_0.periodo,
        t1_0.professor_id,
        p1_0.id,
        p1_0.email,
        p1_0.nome 
    from
        inscricao i1_0 
    left join
        turma t1_0 
            on t1_0.id=i1_0.turma_id 
    left join
        disciplina d1_0 
            on d1_0.id=t1_0.disciplina_id 
    left join
        professor p1_0 
            on p1_0.id=t1_0.professor_id 
    where
        i1_0.aluno_id=?
Hibernate: 
    select
        i1_0.aluno_id,
        i1_0.id,
        i1_0.data_hora,
        i1_0.turma_id,
        t1_0.id,
        t1_0.ano,
        t1_0.disciplina_id,
        d1_0.id,
        d1_0.carga_horaria,
        d1_0.codigo,
        d1_0.nome,
        t1_0.nome,
        t1_0.periodo,
        t1_0.professor_id,
        p1_0.id,
        p1_0.email,
        p1_0.nome 
    from
        inscricao i1_0 
    left join
        turma t1_0 
            on t1_0.id=i1_0.turma_id 
    left join
        disciplina d1_0 
            on d1_0.id=t1_0.disciplina_id 
    left join
        professor p1_0 
            on p1_0.id=t1_0.professor_id 
    where
        i1_0.aluno_id=?
Hibernate: 
    select
        i1_0.aluno_id,
        i1_0.id,
        i1_0.data_hora,
        i1_0.turma_id,
        t1_0.id,
        t1_0.ano,
        t1_0.disciplina_id,
        d1_0.id,
        d1_0.carga_horaria,
        d1_0.codigo,
        d1_0.nome,
        t1_0.nome,
        t1_0.periodo,
        t1_0.professor_id,
        p1_0.id,
        p1_0.email,
        p1_0.nome 
    from
        inscricao i1_0 
    left join
        turma t1_0 
            on t1_0.id=i1_0.turma_id 
    left join
        disciplina d1_0 
            on d1_0.id=t1_0.disciplina_id 
    left join
        professor p1_0 
            on p1_0.id=t1_0.professor_id 
    where
        i1_0.aluno_id=?
Hibernate: 
    select
        i1_0.aluno_id,
        i1_0.id,
        i1_0.data_hora,
        i1_0.turma_id,
        t1_0.id,
        t1_0.ano,
        t1_0.disciplina_id,
        d1_0.id,
        d1_0.carga_horaria,
        d1_0.codigo,
        d1_0.nome,
        t1_0.nome,
        t1_0.periodo,
        t1_0.professor_id,
        p1_0.id,
        p1_0.email,
        p1_0.nome 
    from
        inscricao i1_0 
    left join
        turma t1_0 
            on t1_0.id=i1_0.turma_id 
    left join
        disciplina d1_0 
            on d1_0.id=t1_0.disciplina_id 
    left join
        professor p1_0 
            on p1_0.id=t1_0.professor_id 
    where
        i1_0.aluno_id=?
Hibernate: 
    select
        i1_0.aluno_id,
        i1_0.id,
        i1_0.data_hora,
        i1_0.turma_id,
        t1_0.id,
        t1_0.ano,
        t1_0.disciplina_id,
        d1_0.id,
        d1_0.carga_horaria,
        d1_0.codigo,
        d1_0.nome,
        t1_0.nome,
        t1_0.periodo,
        t1_0.professor_id,
        p1_0.id,
        p1_0.email,
        p1_0.nome 
    from
        inscricao i1_0 
    left join
        turma t1_0 
            on t1_0.id=i1_0.turma_id 
    left join
        disciplina d1_0 
            on d1_0.id=t1_0.disciplina_id 
    left join
        professor p1_0 
            on p1_0.id=t1_0.professor_id 
    where
        i1_0.aluno_id=?
Hibernate: 
    select
        i1_0.aluno_id,
        i1_0.id,
        i1_0.data_hora,
        i1_0.turma_id,
        t1_0.id,
        t1_0.ano,
        t1_0.disciplina_id,
        d1_0.id,
        d1_0.carga_horaria,
        d1_0.codigo,
        d1_0.nome,
        t1_0.nome,
        t1_0.periodo,
        t1_0.professor_id,
        p1_0.id,
        p1_0.email,
        p1_0.nome 
    from
        inscricao i1_0 
    left join
        turma t1_0 
            on t1_0.id=i1_0.turma_id 
    left join
        disciplina d1_0 
            on d1_0.id=t1_0.disciplina_id 
    left join
        professor p1_0 
            on p1_0.id=t1_0.professor_id 
    where
        i1_0.aluno_id=?
Hibernate: 
    select
        i1_0.aluno_id,
        i1_0.id,
        i1_0.data_hora,
        i1_0.turma_id,
        t1_0.id,
        t1_0.ano,
        t1_0.disciplina_id,
        d1_0.id,
        d1_0.carga_horaria,
        d1_0.codigo,
        d1_0.nome,
        t1_0.nome,
        t1_0.periodo,
        t1_0.professor_id,
        p1_0.id,
        p1_0.email,
        p1_0.nome 
    from
        inscricao i1_0 
    left join
        turma t1_0 
            on t1_0.id=i1_0.turma_id 
    left join
        disciplina d1_0 
            on d1_0.id=t1_0.disciplina_id 
    left join
        professor p1_0 
            on p1_0.id=t1_0.professor_id 
    where
        i1_0.aluno_id=?
Hibernate: 
    /* <criteria> */ select
        a1_0.id,
        a1_0.cpf,
        a1_0.email,
        a1_0.nome 
    from
        aluno a1_0
Hibernate: 
    select
        i1_0.aluno_id,
        i1_0.id,
        i1_0.data_hora,
        i1_0.turma_id,
        t1_0.id,
        t1_0.ano,
        t1_0.disciplina_id,
        d1_0.id,
        d1_0.carga_horaria,
        d1_0.codigo,
        d1_0.nome,
        t1_0.nome,
        t1_0.periodo,
        t1_0.professor_id,
        p1_0.id,
        p1_0.email,
        p1_0.nome 
    from
        inscricao i1_0 
    left join
        turma t1_0 
            on t1_0.id=i1_0.turma_id 
    left join
        disciplina d1_0 
            on d1_0.id=t1_0.disciplina_id 
    left join
        professor p1_0 
            on p1_0.id=t1_0.professor_id 
    where
        i1_0.aluno_id=?
Hibernate: 
    select
        i1_0.aluno_id,
        i1_0.id,
        i1_0.data_hora,
        i1_0.turma_id,
        t1_0.id,
        t1_0.ano,
        t1_0.disciplina_id,
        d1_0.id,
        d1_0.carga_horaria,
        d1_0.codigo,
        d1_0.nome,
        t1_0.nome,
        t1_0.periodo,
        t1_0.professor_id,
        p1_0.id,
        p1_0.email,
        p1_0.nome 
    from
        inscricao i1_0 
    left join
        turma t1_0 
            on t1_0.id=i1_0.turma_id 
    left join
        disciplina d1_0 
            on d1_0.id=t1_0.disciplina_id 
    left join
        professor p1_0 
            on p1_0.id=t1_0.professor_id 
    where
        i1_0.aluno_id=?
Hibernate: 
    select
        i1_0.aluno_id,
        i1_0.id,
        i1_0.data_hora,
        i1_0.turma_id,
        t1_0.id,
        t1_0.ano,
        t1_0.disciplina_id,
        d1_0.id,
        d1_0.carga_horaria,
        d1_0.codigo,
        d1_0.nome,
        t1_0.nome,
        t1_0.periodo,
        t1_0.professor_id,
        p1_0.id,
        p1_0.email,
        p1_0.nome 
    from
        inscricao i1_0 
    left join
        turma t1_0 
            on t1_0.id=i1_0.turma_id 
    left join
        disciplina d1_0 
            on d1_0.id=t1_0.disciplina_id 
    left join
        professor p1_0 
            on p1_0.id=t1_0.professor_id 
    where
        i1_0.aluno_id=?
Hibernate: 
    select
        i1_0.aluno_id,
        i1_0.id,
        i1_0.data_hora,
        i1_0.turma_id,
        t1_0.id,
        t1_0.ano,
        t1_0.disciplina_id,
        d1_0.id,
        d1_0.carga_horaria,
        d1_0.codigo,
        d1_0.nome,
        t1_0.nome,
        t1_0.periodo,
        t1_0.professor_id,
        p1_0.id,
        p1_0.email,
        p1_0.nome 
    from
        inscricao i1_0 
    left join
        turma t1_0 
            on t1_0.id=i1_0.turma_id 
    left join
        disciplina d1_0 
            on d1_0.id=t1_0.disciplina_id 
    left join
        professor p1_0 
            on p1_0.id=t1_0.professor_id 
    where
        i1_0.aluno_id=?
Hibernate: 
    select
        i1_0.aluno_id,
        i1_0.id,
        i1_0.data_hora,
        i1_0.turma_id,
        t1_0.id,
        t1_0.ano,
        t1_0.disciplina_id,
        d1_0.id,
        d1_0.carga_horaria,
        d1_0.codigo,
        d1_0.nome,
        t1_0.nome,
        t1_0.periodo,
        t1_0.professor_id,
        p1_0.id,
        p1_0.email,
        p1_0.nome 
    from
        inscricao i1_0 
    left join
        turma t1_0 
            on t1_0.id=i1_0.turma_id 
    left join
        disciplina d1_0 
            on d1_0.id=t1_0.disciplina_id 
    left join
        professor p1_0 
            on p1_0.id=t1_0.professor_id 
    where
        i1_0.aluno_id=?
Hibernate: 
    select
        i1_0.aluno_id,
        i1_0.id,
        i1_0.data_hora,
        i1_0.turma_id,
        t1_0.id,
        t1_0.ano,
        t1_0.disciplina_id,
        d1_0.id,
        d1_0.carga_horaria,
        d1_0.codigo,
        d1_0.nome,
        t1_0.nome,
        t1_0.periodo,
        t1_0.professor_id,
        p1_0.id,
        p1_0.email,
        p1_0.nome 
    from
        inscricao i1_0 
    left join
        turma t1_0 
            on t1_0.id=i1_0.turma_id 
    left join
        disciplina d1_0 
            on d1_0.id=t1_0.disciplina_id 
    left join
        professor p1_0 
            on p1_0.id=t1_0.professor_id 
    where
        i1_0.aluno_id=?
Hibernate: 
    select
        i1_0.aluno_id,
        i1_0.id,
        i1_0.data_hora,
        i1_0.turma_id,
        t1_0.id,
        t1_0.ano,
        t1_0.disciplina_id,
        d1_0.id,
        d1_0.carga_horaria,
        d1_0.codigo,
        d1_0.nome,
        t1_0.nome,
        t1_0.periodo,
        t1_0.professor_id,
        p1_0.id,
        p1_0.email,
        p1_0.nome 
    from
        inscricao i1_0 
    left join
        turma t1_0 
            on t1_0.id=i1_0.turma_id 
    left join
        disciplina d1_0 
            on d1_0.id=t1_0.disciplina_id 
    left join
        professor p1_0 
            on p1_0.id=t1_0.professor_id 
    where
        i1_0.aluno_id=?
Hibernate: 
    select
        i1_0.aluno_id,
        i1_0.id,
        i1_0.data_hora,
        i1_0.turma_id,
        t1_0.id,
        t1_0.ano,
        t1_0.disciplina_id,
        d1_0.id,
        d1_0.carga_horaria,
        d1_0.codigo,
        d1_0.nome,
        t1_0.nome,
        t1_0.periodo,
        t1_0.professor_id,
        p1_0.id,
        p1_0.email,
        p1_0.nome 
    from
        inscricao i1_0 
    left join
        turma t1_0 
            on t1_0.id=i1_0.turma_id 
    left join
        disciplina d1_0 
            on d1_0.id=t1_0.disciplina_id 
    left join
        professor p1_0 
            on p1_0.id=t1_0.professor_id 
    where
        i1_0.aluno_id=?
Hibernate: 
    select
        i1_0.aluno_id,
        i1_0.id,
        i1_0.data_hora,
        i1_0.turma_id,
        t1_0.id,
        t1_0.ano,
        t1_0.disciplina_id,
        d1_0.id,
        d1_0.carga_horaria,
        d1_0.codigo,
        d1_0.nome,
        t1_0.nome,
        t1_0.periodo,
        t1_0.professor_id,
        p1_0.id,
        p1_0.email,
        p1_0.nome 
    from
        inscricao i1_0 
    left join
        turma t1_0 
            on t1_0.id=i1_0.turma_id 
    left join
        disciplina d1_0 
            on d1_0.id=t1_0.disciplina_id 
    left join
        professor p1_0 
            on p1_0.id=t1_0.professor_id 
    where
        i1_0.aluno_id=?
Hibernate: 
    select
        i1_0.aluno_id,
        i1_0.id,
        i1_0.data_hora,
        i1_0.turma_id,
        t1_0.id,
        t1_0.ano,
        t1_0.disciplina_id,
        d1_0.id,
        d1_0.carga_horaria,
        d1_0.codigo,
        d1_0.nome,
        t1_0.nome,
        t1_0.periodo,
        t1_0.professor_id,
        p1_0.id,
        p1_0.email,
        p1_0.nome 
    from
        inscricao i1_0 
    left join
        turma t1_0 
            on t1_0.id=i1_0.turma_id 
    left join
        disciplina d1_0 
            on d1_0.id=t1_0.disciplina_id 
    left join
        professor p1_0 
            on p1_0.id=t1_0.professor_id 
    where
        i1_0.aluno_id=?
Hibernate: 
    select
        i1_0.aluno_id,
        i1_0.id,
        i1_0.data_hora,
        i1_0.turma_id,
        t1_0.id,
        t1_0.ano,
        t1_0.disciplina_id,
        d1_0.id,
        d1_0.carga_horaria,
        d1_0.codigo,
        d1_0.nome,
        t1_0.nome,
        t1_0.periodo,
        t1_0.professor_id,
        p1_0.id,
        p1_0.email,
        p1_0.nome 
    from
        inscricao i1_0 
    left join
        turma t1_0 
            on t1_0.id=i1_0.turma_id 
    left join
        disciplina d1_0 
            on d1_0.id=t1_0.disciplina_id 
    left join
        professor p1_0 
            on p1_0.id=t1_0.professor_id 
    where
        i1_0.aluno_id=?
Hibernate: 
    select
        i1_0.aluno_id,
        i1_0.id,
        i1_0.data_hora,
        i1_0.turma_id,
        t1_0.id,
        t1_0.ano,
        t1_0.disciplina_id,
        d1_0.id,
        d1_0.carga_horaria,
        d1_0.codigo,
        d1_0.nome,
        t1_0.nome,
        t1_0.periodo,
        t1_0.professor_id,
        p1_0.id,
        p1_0.email,
        p1_0.nome 
    from
        inscricao i1_0 
    left join
        turma t1_0 
            on t1_0.id=i1_0.turma_id 
    left join
        disciplina d1_0 
            on d1_0.id=t1_0.disciplina_id 
    left join
        professor p1_0 
            on p1_0.id=t1_0.professor_id 
    where
        i1_0.aluno_id=?
Hibernate: 
    select
        i1_0.aluno_id,
        i1_0.id,
        i1_0.data_hora,
        i1_0.turma_id,
        t1_0.id,
        t1_0.ano,
        t1_0.disciplina_id,
        d1_0.id,
        d1_0.carga_horaria,
        d1_0.codigo,
        d1_0.nome,
        t1_0.nome,
        t1_0.periodo,
        t1_0.professor_id,
        p1_0.id,
        p1_0.email,
        p1_0.nome 
    from
        inscricao i1_0 
    left join
        turma t1_0 
            on t1_0.id=i1_0.turma_id 
    left join
        disciplina d1_0 
            on d1_0.id=t1_0.disciplina_id 
    left join
        professor p1_0 
            on p1_0.id=t1_0.professor_id 
    where
        i1_0.aluno_id=?
Hibernate: 
    select
        i1_0.aluno_id,
        i1_0.id,
        i1_0.data_hora,
        i1_0.turma_id,
        t1_0.id,
        t1_0.ano,
        t1_0.disciplina_id,
        d1_0.id,
        d1_0.carga_horaria,
        d1_0.codigo,
        d1_0.nome,
        t1_0.nome,
        t1_0.periodo,
        t1_0.professor_id,
        p1_0.id,
        p1_0.email,
        p1_0.nome 
    from
        inscricao i1_0 
    left join
        turma t1_0 
            on t1_0.id=i1_0.turma_id 
    left join
        disciplina d1_0 
            on d1_0.id=t1_0.disciplina_id 
    left join
        professor p1_0 
            on p1_0.id=t1_0.professor_id 
    where
        i1_0.aluno_id=?
Hibernate: 
    select
        i1_0.aluno_id,
        i1_0.id,
        i1_0.data_hora,
        i1_0.turma_id,
        t1_0.id,
        t1_0.ano,
        t1_0.disciplina_id,
        d1_0.id,
        d1_0.carga_horaria,
        d1_0.codigo,
        d1_0.nome,
        t1_0.nome,
        t1_0.periodo,
        t1_0.professor_id,
        p1_0.id,
        p1_0.email,
        p1_0.nome 
    from
        inscricao i1_0 
    left join
        turma t1_0 
            on t1_0.id=i1_0.turma_id 
    left join
        disciplina d1_0 
            on d1_0.id=t1_0.disciplina_id 
    left join
        professor p1_0 
            on p1_0.id=t1_0.professor_id 
    where
        i1_0.aluno_id=?
Hibernate: 
    select
        i1_0.aluno_id,
        i1_0.id,
        i1_0.data_hora,
        i1_0.turma_id,
        t1_0.id,
        t1_0.ano,
        t1_0.disciplina_id,
        d1_0.id,
        d1_0.carga_horaria,
        d1_0.codigo,
        d1_0.nome,
        t1_0.nome,
        t1_0.periodo,
        t1_0.professor_id,
        p1_0.id,
        p1_0.email,
        p1_0.nome 
    from
        inscricao i1_0 
    left join
        turma t1_0 
            on t1_0.id=i1_0.turma_id 
    left join
        disciplina d1_0 
            on d1_0.id=t1_0.disciplina_id 
    left join
        professor p1_0 
            on p1_0.id=t1_0.professor_id 
    where
        i1_0.aluno_id=?
Hibernate: 
    select
        i1_0.aluno_id,
        i1_0.id,
        i1_0.data_hora,
        i1_0.turma_id,
        t1_0.id,
        t1_0.ano,
        t1_0.disciplina_id,
        d1_0.id,
        d1_0.carga_horaria,
        d1_0.codigo,
        d1_0.nome,
        t1_0.nome,
        t1_0.periodo,
        t1_0.professor_id,
        p1_0.id,
        p1_0.email,
        p1_0.nome 
    from
        inscricao i1_0 
    left join
        turma t1_0 
            on t1_0.id=i1_0.turma_id 
    left join
        disciplina d1_0 
            on d1_0.id=t1_0.disciplina_id 
    left join
        professor p1_0 
            on p1_0.id=t1_0.professor_id 
    where
        i1_0.aluno_id=?
Hibernate: 
    select
        i1_0.aluno_id,
        i1_0.id,
        i1_0.data_hora,
        i1_0.turma_id,
        t1_0.id,
        t1_0.ano,
        t1_0.disciplina_id,
        d1_0.id,
        d1_0.carga_horaria,
        d1_0.codigo,
        d1_0.nome,
        t1_0.nome,
        t1_0.periodo,
        t1_0.professor_id,
        p1_0.id,
        p1_0.email,
        p1_0.nome 
    from
        inscricao i1_0 
    left join
        turma t1_0 
            on t1_0.id=i1_0.turma_id 
    left join
        disciplina d1_0 
            on d1_0.id=t1_0.disciplina_id 
    left join
        professor p1_0 
            on p1_0.id=t1_0.professor_id 
    where
        i1_0.aluno_id=?
Hibernate: 
    select
        i1_0.aluno_id,
        i1_0.id,
        i1_0.data_hora,
        i1_0.turma_id,
        t1_0.id,
        t1_0.ano,
        t1_0.disciplina_id,
        d1_0.id,
        d1_0.carga_horaria,
        d1_0.codigo,
        d1_0.nome,
        t1_0.nome,
        t1_0.periodo,
        t1_0.professor_id,
        p1_0.id,
        p1_0.email,
        p1_0.nome 
    from
        inscricao i1_0 
    left join
        turma t1_0 
            on t1_0.id=i1_0.turma_id 
    left join
        disciplina d1_0 
            on d1_0.id=t1_0.disciplina_id 
    left join
        professor p1_0 
            on p1_0.id=t1_0.professor_id 
    where
        i1_0.aluno_id=?
Hibernate: 
    select
        i1_0.aluno_id,
        i1_0.id,
        i1_0.data_hora,
        i1_0.turma_id,
        t1_0.id,
        t1_0.ano,
        t1_0.disciplina_id,
        d1_0.id,
        d1_0.carga_horaria,
        d1_0.codigo,
        d1_0.nome,
        t1_0.nome,
        t1_0.periodo,
        t1_0.professor_id,
        p1_0.id,
        p1_0.email,
        p1_0.nome 
    from
        inscricao i1_0 
    left join
        turma t1_0 
            on t1_0.id=i1_0.turma_id 
    left join
        disciplina d1_0 
            on d1_0.id=t1_0.disciplina_id 
    left join
        professor p1_0 
            on p1_0.id=t1_0.professor_id 
    where
        i1_0.aluno_id=?
Hibernate: 
    select
        i1_0.aluno_id,
        i1_0.id,
        i1_0.data_hora,
        i1_0.turma_id,
        t1_0.id,
        t1_0.ano,
        t1_0.disciplina_id,
        d1_0.id,
        d1_0.carga_horaria,
        d1_0.codigo,
        d1_0.nome,
        t1_0.nome,
        t1_0.periodo,
        t1_0.professor_id,
        p1_0.id,
        p1_0.email,
        p1_0.nome 
    from
        inscricao i1_0 
    left join
        turma t1_0 
            on t1_0.id=i1_0.turma_id 
    left join
        disciplina d1_0 
            on d1_0.id=t1_0.disciplina_id 
    left join
        professor p1_0 
            on p1_0.id=t1_0.professor_id 
    where
        i1_0.aluno_id=?
Hibernate: 
    select
        i1_0.aluno_id,
        i1_0.id,
        i1_0.data_hora,
        i1_0.turma_id,
        t1_0.id,
        t1_0.ano,
        t1_0.disciplina_id,
        d1_0.id,
        d1_0.carga_horaria,
        d1_0.codigo,
        d1_0.nome,
        t1_0.nome,
        t1_0.periodo,
        t1_0.professor_id,
        p1_0.id,
        p1_0.email,
        p1_0.nome 
    from
        inscricao i1_0 
    left join
        turma t1_0 
            on t1_0.id=i1_0.turma_id 
    left join
        disciplina d1_0 
            on d1_0.id=t1_0.disciplina_id 
    left join
        professor p1_0 
            on p1_0.id=t1_0.professor_id 
    where
        i1_0.aluno_id=?
Hibernate: 
    select
        i1_0.aluno_id,
        i1_0.id,
        i1_0.data_hora,
        i1_0.turma_id,
        t1_0.id,
        t1_0.ano,
        t1_0.disciplina_id,
        d1_0.id,
        d1_0.carga_horaria,
        d1_0.codigo,
        d1_0.nome,
        t1_0.nome,
        t1_0.periodo,
        t1_0.professor_id,
        p1_0.id,
        p1_0.email,
        p1_0.nome 
    from
        inscricao i1_0 
    left join
        turma t1_0 
            on t1_0.id=i1_0.turma_id 
    left join
        disciplina d1_0 
            on d1_0.id=t1_0.disciplina_id 
    left join
        professor p1_0 
            on p1_0.id=t1_0.professor_id 
    where
        i1_0.aluno_id=?
Hibernate: 
    select
        i1_0.aluno_id,
        i1_0.id,
        i1_0.data_hora,
        i1_0.turma_id,
        t1_0.id,
        t1_0.ano,
        t1_0.disciplina_id,
        d1_0.id,
        d1_0.carga_horaria,
        d1_0.codigo,
        d1_0.nome,
        t1_0.nome,
        t1_0.periodo,
        t1_0.professor_id,
        p1_0.id,
        p1_0.email,
        p1_0.nome 
    from
        inscricao i1_0 
    left join
        turma t1_0 
            on t1_0.id=i1_0.turma_id 
    left join
        disciplina d1_0 
            on d1_0.id=t1_0.disciplina_id 
    left join
        professor p1_0 
            on p1_0.id=t1_0.professor_id 
    where
        i1_0.aluno_id=?
Hibernate: 
    select
        i1_0.aluno_id,
        i1_0.id,
        i1_0.data_hora,
        i1_0.turma_id,
        t1_0.id,
        t1_0.ano,
        t1_0.disciplina_id,
        d1_0.id,
        d1_0.carga_horaria,
        d1_0.codigo,
        d1_0.nome,
        t1_0.nome,
        t1_0.periodo,
        t1_0.professor_id,
        p1_0.id,
        p1_0.email,
        p1_0.nome 
    from
        inscricao i1_0 
    left join
        turma t1_0 
            on t1_0.id=i1_0.turma_id 
    left join
        disciplina d1_0 
            on d1_0.id=t1_0.disciplina_id 
    left join
        professor p1_0 
            on p1_0.id=t1_0.professor_id 
    where
        i1_0.aluno_id=?
Hibernate: 
    select
        i1_0.aluno_id,
        i1_0.id,
        i1_0.data_hora,
        i1_0.turma_id,
        t1_0.id,
        t1_0.ano,
        t1_0.disciplina_id,
        d1_0.id,
        d1_0.carga_horaria,
        d1_0.codigo,
        d1_0.nome,
        t1_0.nome,
        t1_0.periodo,
        t1_0.professor_id,
        p1_0.id,
        p1_0.email,
        p1_0.nome 
    from
        inscricao i1_0 
    left join
        turma t1_0 
            on t1_0.id=i1_0.turma_id 
    left join
        disciplina d1_0 
            on d1_0.id=t1_0.disciplina_id 
    left join
        professor p1_0 
            on p1_0.id=t1_0.professor_id 
    where
        i1_0.aluno_id=?
Hibernate: 
    select
        i1_0.aluno_id,
        i1_0.id,
        i1_0.data_hora,
        i1_0.turma_id,
        t1_0.id,
        t1_0.ano,
        t1_0.disciplina_id,
        d1_0.id,
        d1_0.carga_horaria,
        d1_0.codigo,
        d1_0.nome,
        t1_0.nome,
        t1_0.periodo,
        t1_0.professor_id,
        p1_0.id,
        p1_0.email,
        p1_0.nome 
    from
        inscricao i1_0 
    left join
        turma t1_0 
            on t1_0.id=i1_0.turma_id 
    left join
        disciplina d1_0 
            on d1_0.id=t1_0.disciplina_id 
    left join
        professor p1_0 
            on p1_0.id=t1_0.professor_id 
    where
        i1_0.aluno_id=?
Hibernate: 
    select
        i1_0.aluno_id,
        i1_0.id,
        i1_0.data_hora,
        i1_0.turma_id,
        t1_0.id,
        t1_0.ano,
        t1_0.disciplina_id,
        d1_0.id,
        d1_0.carga_horaria,
        d1_0.codigo,
        d1_0.nome,
        t1_0.nome,
        t1_0.periodo,
        t1_0.professor_id,
        p1_0.id,
        p1_0.email,
        p1_0.nome 
    from
        inscricao i1_0 
    left join
        turma t1_0 
            on t1_0.id=i1_0.turma_id 
    left join
        disciplina d1_0 
            on d1_0.id=t1_0.disciplina_id 
    left join
        professor p1_0 
            on p1_0.id=t1_0.professor_id 
    where
        i1_0.aluno_id=?
Hibernate: 
    select
        i1_0.aluno_id,
        i1_0.id,
        i1_0.data_hora,
        i1_0.turma_id,
        t1_0.id,
        t1_0.ano,
        t1_0.disciplina_id,
        d1_0.id,
        d1_0.carga_horaria,
        d1_0.codigo,
        d1_0.nome,
        t1_0.nome,
        t1_0.periodo,
        t1_0.professor_id,
        p1_0.id,
        p1_0.email,
        p1_0.nome 
    from
        inscricao i1_0 
    left join
        turma t1_0 
            on t1_0.id=i1_0.turma_id 
    left join
        disciplina d1_0 
            on d1_0.id=t1_0.disciplina_id 
    left join
        professor p1_0 
            on p1_0.id=t1_0.professor_id 
    where
        i1_0.aluno_id=?
Hibernate: 
    select
        i1_0.aluno_id,
        i1_0.id,
        i1_0.data_hora,
        i1_0.turma_id,
        t1_0.id,
        t1_0.ano,
        t1_0.disciplina_id,
        d1_0.id,
        d1_0.carga_horaria,
        d1_0.codigo,
        d1_0.nome,
        t1_0.nome,
        t1_0.periodo,
        t1_0.professor_id,
        p1_0.id,
        p1_0.email,
        p1_0.nome 
    from
        inscricao i1_0 
    left join
        turma t1_0 
            on t1_0.id=i1_0.turma_id 
    left join
        disciplina d1_0 
            on d1_0.id=t1_0.disciplina_id 
    left join
        professor p1_0 
            on p1_0.id=t1_0.professor_id 
    where
        i1_0.aluno_id=?
Hibernate: 
    select
        i1_0.aluno_id,
        i1_0.id,
        i1_0.data_hora,
        i1_0.turma_id,
        t1_0.id,
        t1_0.ano,
        t1_0.disciplina_id,
        d1_0.id,
        d1_0.carga_horaria,
        d1_0.codigo,
        d1_0.nome,
        t1_0.nome,
        t1_0.periodo,
        t1_0.professor_id,
        p1_0.id,
        p1_0.email,
        p1_0.nome 
    from
        inscricao i1_0 
    left join
        turma t1_0 
            on t1_0.id=i1_0.turma_id 
    left join
        disciplina d1_0 
            on d1_0.id=t1_0.disciplina_id 
    left join
        professor p1_0 
            on p1_0.id=t1_0.professor_id 
    where
        i1_0.aluno_id=?
Hibernate: 
    select
        i1_0.aluno_id,
        i1_0.id,
        i1_0.data_hora,
        i1_0.turma_id,
        t1_0.id,
        t1_0.ano,
        t1_0.disciplina_id,
        d1_0.id,
        d1_0.carga_horaria,
        d1_0.codigo,
        d1_0.nome,
        t1_0.nome,
        t1_0.periodo,
        t1_0.professor_id,
        p1_0.id,
        p1_0.email,
        p1_0.nome 
    from
        inscricao i1_0 
    left join
        turma t1_0 
            on t1_0.id=i1_0.turma_id 
    left join
        disciplina d1_0 
            on d1_0.id=t1_0.disciplina_id 
    left join
        professor p1_0 
            on p1_0.id=t1_0.professor_id 
    where
        i1_0.aluno_id=?
2025-11-19T17:19:18.018-03:00  INFO 36603 --- [trabalho-2-devweb] [ionShutdownHook] o.s.b.w.e.tomcat.GracefulShutdown        : Commencing graceful shutdown. Waiting for active requests to complete
2025-11-19T17:19:18.021-03:00  INFO 36603 --- [trabalho-2-devweb] [tomcat-shutdown] o.s.b.w.e.tomcat.GracefulShutdown        : Graceful shutdown complete
2025-11-19T17:19:18.026-03:00  INFO 36603 --- [trabalho-2-devweb] [ionShutdownHook] j.LocalContainerEntityManagerFactoryBean : Closing JPA EntityManagerFactory for persistence unit 'default'
2025-11-19T17:19:18.030-03:00  INFO 36603 --- [trabalho-2-devweb] [ionShutdownHook] com.zaxxer.hikari.HikariDataSource       : HikariPool-1 - Shutdown initiated...
2025-11-19T17:19:18.040-03:00  INFO 36603 --- [trabalho-2-devweb] [ionShutdownHook] com.zaxxer.hikari.HikariDataSource       : HikariPool-1 - Shutdown completed.
